{"uuid":"0cc13056-87e6-481c-a210-0c386a75ba9e","name":"QA_Automation_Learning","children":["1b6b8dd8-31f9-497f-9d10-e2676662265f","6f6196b9-3bb0-4a5b-a70c-a3da725acf09"],"befores":[{"name":"testsSetup","status":"broken","statusDetails":{"known":false,"muted":false,"flaky":false,"message":"java.lang.NoSuchMethodException: pageObjects.components.ListCategories.<init>()","trace":"java.lang.RuntimeException: java.lang.NoSuchMethodException: pageObjects.components.ListCategories.<init>()\n\tat org.openqa.selenium.support.PageFactory.instantiatePage(PageFactory.java:130)\n\tat org.openqa.selenium.support.PageFactory.initElements(PageFactory.java:62)\n\tat BaseTest.testsSetup(BaseTest.java:19)\n\tat java.base/jdk.internal.reflect.NativeMethodAccessorImpl.invoke0(Native Method)\n\tat java.base/jdk.internal.reflect.NativeMethodAccessorImpl.invoke(NativeMethodAccessorImpl.java:62)\n\tat java.base/jdk.internal.reflect.DelegatingMethodAccessorImpl.invoke(DelegatingMethodAccessorImpl.java:43)\n\tat java.base/java.lang.reflect.Method.invoke(Method.java:566)\n\tat org.testng.internal.invokers.MethodInvocationHelper.invokeMethod(MethodInvocationHelper.java:139)\n\tat org.testng.internal.invokers.MethodInvocationHelper.invokeMethodConsideringTimeout(MethodInvocationHelper.java:69)\n\tat org.testng.internal.invokers.ConfigInvoker.invokeConfigurationMethod(ConfigInvoker.java:390)\n\tat org.testng.internal.invokers.ConfigInvoker.invokeConfigurations(ConfigInvoker.java:325)\n\tat org.testng.TestRunner.invokeTestConfigurations(TestRunner.java:663)\n\tat org.testng.TestRunner.beforeRun(TestRunner.java:652)\n\tat org.testng.TestRunner.run(TestRunner.java:614)\n\tat org.testng.SuiteRunner.runTest(SuiteRunner.java:443)\n\tat org.testng.SuiteRunner.runSequentially(SuiteRunner.java:437)\n\tat org.testng.SuiteRunner.privateRun(SuiteRunner.java:397)\n\tat org.testng.SuiteRunner.run(SuiteRunner.java:336)\n\tat org.testng.SuiteRunnerWorker.runSuite(SuiteRunnerWorker.java:52)\n\tat org.testng.SuiteRunnerWorker.run(SuiteRunnerWorker.java:95)\n\tat org.testng.TestNG.runSuitesSequentially(TestNG.java:1280)\n\tat org.testng.TestNG.runSuitesLocally(TestNG.java:1200)\n\tat org.testng.TestNG.runSuites(TestNG.java:1114)\n\tat org.testng.TestNG.run(TestNG.java:1082)\n\tat com.intellij.rt.testng.IDEARemoteTestNG.run(IDEARemoteTestNG.java:66)\n\tat com.intellij.rt.testng.RemoteTestNGStarter.main(RemoteTestNGStarter.java:105)\nCaused by: java.lang.NoSuchMethodException: pageObjects.components.ListCategories.<init>()\n\tat java.base/java.lang.Class.getConstructor0(Class.java:3349)\n\tat java.base/java.lang.Class.getDeclaredConstructor(Class.java:2553)\n\tat org.openqa.selenium.support.PageFactory.instantiatePage(PageFactory.java:127)\n\t... 25 more\n"},"stage":"finished","description":"","steps":[],"attachments":[],"parameters":[],"start":1701846155327,"stop":1701846155332}],"afters":[],"start":1701846155314,"stop":1701846160435}