{"uuid":"6f6196b9-3bb0-4a5b-a70c-a3da725acf09","historyId":"5d01157897e04e227eb899a02000ec2b","fullName":"HomePageTests.login","labels":[{"name":"package","value":"HomePageTests"},{"name":"testClass","value":"HomePageTests"},{"name":"testMethod","value":"login"},{"name":"parentSuite","value":"Default Suite"},{"name":"suite","value":"QA_Automation_Learning"},{"name":"subSuite","value":"HomePageTests"},{"name":"host","value":"MacBook-Air-4.local"},{"name":"thread","value":"45250@MacBook-Air-4.local.main(1)"},{"name":"framework","value":"testng"},{"name":"language","value":"java"}],"links":[],"name":"Verify successful login","status":"skipped","statusDetails":{"known":false,"muted":false,"flaky":false,"message":"java.lang.NoSuchMethodException: pageObjects.components.ListCategories.<init>()","trace":"java.lang.RuntimeException: java.lang.NoSuchMethodException: pageObjects.components.ListCategories.<init>()\n\tat org.openqa.selenium.support.PageFactory.instantiatePage(PageFactory.java:130)\n\tat org.openqa.selenium.support.PageFactory.initElements(PageFactory.java:62)\n\tat BaseTest.testsSetup(BaseTest.java:19)\n\tat java.base/jdk.internal.reflect.NativeMethodAccessorImpl.invoke0(Native Method)\n\tat java.base/jdk.internal.reflect.NativeMethodAccessorImpl.invoke(NativeMethodAccessorImpl.java:62)\n\tat java.base/jdk.internal.reflect.DelegatingMethodAccessorImpl.invoke(DelegatingMethodAccessorImpl.java:43)\n\tat java.base/java.lang.reflect.Method.invoke(Method.java:566)\n\tat org.testng.internal.invokers.MethodInvocationHelper.invokeMethod(MethodInvocationHelper.java:139)\n\tat org.testng.internal.invokers.MethodInvocationHelper.invokeMethodConsideringTimeout(MethodInvocationHelper.java:69)\n\tat org.testng.internal.invokers.ConfigInvoker.invokeConfigurationMethod(ConfigInvoker.java:390)\n\tat org.testng.internal.invokers.ConfigInvoker.invokeConfigurations(ConfigInvoker.java:325)\n\tat org.testng.TestRunner.invokeTestConfigurations(TestRunner.java:663)\n\tat org.testng.TestRunner.beforeRun(TestRunner.java:652)\n\tat org.testng.TestRunner.run(TestRunner.java:614)\n\tat org.testng.SuiteRunner.runTest(SuiteRunner.java:443)\n\tat org.testng.SuiteRunner.runSequentially(SuiteRunner.java:437)\n\tat org.testng.SuiteRunner.privateRun(SuiteRunner.java:397)\n\tat org.testng.SuiteRunner.run(SuiteRunner.java:336)\n\tat org.testng.SuiteRunnerWorker.runSuite(SuiteRunnerWorker.java:52)\n\tat org.testng.SuiteRunnerWorker.run(SuiteRunnerWorker.java:95)\n\tat org.testng.TestNG.runSuitesSequentially(TestNG.java:1280)\n\tat org.testng.TestNG.runSuitesLocally(TestNG.java:1200)\n\tat org.testng.TestNG.runSuites(TestNG.java:1114)\n\tat org.testng.TestNG.run(TestNG.java:1082)\n\tat com.intellij.rt.testng.IDEARemoteTestNG.run(IDEARemoteTestNG.java:66)\n\tat com.intellij.rt.testng.RemoteTestNGStarter.main(RemoteTestNGStarter.java:105)\nCaused by: java.lang.NoSuchMethodException: pageObjects.components.ListCategories.<init>()\n\tat java.base/java.lang.Class.getConstructor0(Class.java:3349)\n\tat java.base/java.lang.Class.getDeclaredConstructor(Class.java:2553)\n\tat org.openqa.selenium.support.PageFactory.instantiatePage(PageFactory.java:127)\n\t... 25 more\n"},"stage":"finished","steps":[],"attachments":[],"parameters":[],"start":1701846160432,"stop":1701846160433}