{"uuid":"f8d39b1c-b54e-4e70-be8a-6b76251a12c0","name":"QA_Automation_Learning","children":["05fb26be-0c98-4361-8ba9-bc09d2cd97ed","5efff6da-5f8c-4faf-8e15-21d52488625d"],"befores":[{"name":"testsSetup","status":"broken","statusDetails":{"known":false,"muted":false,"flaky":false,"message":"java.lang.reflect.InvocationTargetException","trace":"java.lang.RuntimeException: java.lang.reflect.InvocationTargetException\n\tat org.openqa.selenium.support.PageFactory.instantiatePage(PageFactory.java:130)\n\tat org.openqa.selenium.support.PageFactory.initElements(PageFactory.java:62)\n\tat BaseTest.testsSetup(BaseTest.java:14)\n\tat java.base/jdk.internal.reflect.NativeMethodAccessorImpl.invoke0(Native Method)\n\tat java.base/jdk.internal.reflect.NativeMethodAccessorImpl.invoke(NativeMethodAccessorImpl.java:62)\n\tat java.base/jdk.internal.reflect.DelegatingMethodAccessorImpl.invoke(DelegatingMethodAccessorImpl.java:43)\n\tat java.base/java.lang.reflect.Method.invoke(Method.java:566)\n\tat org.testng.internal.invokers.MethodInvocationHelper.invokeMethod(MethodInvocationHelper.java:139)\n\tat org.testng.internal.invokers.MethodInvocationHelper.invokeMethodConsideringTimeout(MethodInvocationHelper.java:69)\n\tat org.testng.internal.invokers.ConfigInvoker.invokeConfigurationMethod(ConfigInvoker.java:390)\n\tat org.testng.internal.invokers.ConfigInvoker.invokeConfigurations(ConfigInvoker.java:325)\n\tat org.testng.TestRunner.invokeTestConfigurations(TestRunner.java:663)\n\tat org.testng.TestRunner.beforeRun(TestRunner.java:652)\n\tat org.testng.TestRunner.run(TestRunner.java:614)\n\tat org.testng.SuiteRunner.runTest(SuiteRunner.java:443)\n\tat org.testng.SuiteRunner.runSequentially(SuiteRunner.java:437)\n\tat org.testng.SuiteRunner.privateRun(SuiteRunner.java:397)\n\tat org.testng.SuiteRunner.run(SuiteRunner.java:336)\n\tat org.testng.SuiteRunnerWorker.runSuite(SuiteRunnerWorker.java:52)\n\tat org.testng.SuiteRunnerWorker.run(SuiteRunnerWorker.java:95)\n\tat org.testng.TestNG.runSuitesSequentially(TestNG.java:1280)\n\tat org.testng.TestNG.runSuitesLocally(TestNG.java:1200)\n\tat org.testng.TestNG.runSuites(TestNG.java:1114)\n\tat org.testng.TestNG.run(TestNG.java:1082)\n\tat com.intellij.rt.testng.IDEARemoteTestNG.run(IDEARemoteTestNG.java:66)\n\tat com.intellij.rt.testng.RemoteTestNGStarter.main(RemoteTestNGStarter.java:105)\nCaused by: java.lang.reflect.InvocationTargetException\n\tat java.base/jdk.internal.reflect.NativeConstructorAccessorImpl.newInstance0(Native Method)\n\tat java.base/jdk.internal.reflect.NativeConstructorAccessorImpl.newInstance(NativeConstructorAccessorImpl.java:62)\n\tat java.base/jdk.internal.reflect.DelegatingConstructorAccessorImpl.newInstance(DelegatingConstructorAccessorImpl.java:45)\n\tat java.base/java.lang.reflect.Constructor.newInstance(Constructor.java:490)\n\tat org.openqa.selenium.support.PageFactory.instantiatePage(PageFactory.java:125)\n\t... 25 more\nCaused by: java.lang.RuntimeException: java.lang.NoSuchMethodException: pageObjects.components.ListCategories.<init>()\n\tat org.openqa.selenium.support.PageFactory.instantiatePage(PageFactory.java:130)\n\tat org.openqa.selenium.support.PageFactory.initElements(PageFactory.java:62)\n\tat pageObjects.components.HeaderComponent.<init>(HeaderComponent.java:18)\n\t... 30 more\nCaused by: java.lang.NoSuchMethodException: pageObjects.components.ListCategories.<init>()\n\tat java.base/java.lang.Class.getConstructor0(Class.java:3349)\n\tat java.base/java.lang.Class.getDeclaredConstructor(Class.java:2553)\n\tat org.openqa.selenium.support.PageFactory.instantiatePage(PageFactory.java:127)\n\t... 32 more\n"},"stage":"finished","description":"","steps":[],"attachments":[],"parameters":[],"start":1701843208063,"stop":1701843208068}],"afters":[],"start":1701843208048,"stop":1701843213181}